<?xml version="1.0" encoding="UTF-8"?>
<testsuite xmlns:xsi="http://www.w3.org/2001/XMLSchema-instance" xsi:noNamespaceSchemaLocation="https://maven.apache.org/surefire/maven-surefire-plugin/xsd/surefire-test-report.xsd" name="com.vdobrikov.opensearch.autoconfigure.OpenSearchAutoConfigurationTest" time="0.726" tests="4" errors="0" skipped="0" failures="0">
  <properties>
[...]
</properties>
  <testcase name="credentialsProvider" classname="com.vdobrikov.opensearch.autoconfigure.OpenSearchAutoConfigurationTest" time="0.169"/>
  <testcase name="openSearchClient" classname="com.vdobrikov.opensearch.autoconfigure.OpenSearchAutoConfigurationTest" time="0"/>
  <testcase name="restClientBuilder" classname="com.vdobrikov.opensearch.autoconfigure.OpenSearchAutoConfigurationTest" time="0.003"/>
  <testcase name="restHighLevelClient" classname="com.vdobrikov.opensearch.autoconfigure.OpenSearchAutoConfigurationTest" time="0.001"/>
</testsuite>